[08:53:49.802][MARK] Yunzai-Bot å¯åŠ¨ä¸­...
[08:54:00.141][MARK] Yunzai-Bot å¯åŠ¨ä¸­...
[08:54:15.395][MARK] Yunzai-Bot å¯åŠ¨ä¸­...
[08:54:15.397][MARK] è¿æ¥redis....
[08:54:15.479][MARK] è¿æ¥redisæˆåŠŸ
[08:54:15.739][MARK] è¯·ä½¿ç”¨ç™»å½•å½“å‰QQçš„æ‰‹æœº[32mæ‰«ç [39må®Œæˆç™»å½•ï¼Œå¦‚æœæ˜¾ç¤ºäºŒç»´ç è¿‡æœŸï¼Œå¯ä»¥æŒ‰[32må›è½¦é”®ï¼ˆEnterï¼‰[39måˆ·æ–°ï¼Œé‡æ–°è¾“å…¥å¯†ç è¯·æ‰§è¡Œå‘½ä»¤ï¼š[32mnpm run login[39m
[08:55:20.969][MARK] Yunzai-Bot å¯åŠ¨ä¸­...
[08:55:20.971][MARK] è¿æ¥redis....
[08:55:21.053][MARK] è¿æ¥redisæˆåŠŸ
[08:55:21.314][MARK] è¯·ä½¿ç”¨ç™»å½•å½“å‰QQçš„æ‰‹æœº[32mæ‰«ç [39må®Œæˆç™»å½•ï¼Œå¦‚æœæ˜¾ç¤ºäºŒç»´ç è¿‡æœŸï¼Œå¯ä»¥æŒ‰[32må›è½¦é”®ï¼ˆEnterï¼‰[39måˆ·æ–°ï¼Œé‡æ–°è¾“å…¥å¯†ç è¯·æ‰§è¡Œå‘½ä»¤ï¼š[32mnpm run login[39m
[08:55:36.948][MARK] ----^_^----
[08:55:36.949][MARK] [32mYunzai-Bot ä¸Šçº¿æˆåŠŸ ç‰ˆæœ¬v3.0.0[39m
[08:55:36.949][MARK] [32mhttps://github.com/Le-niao/Yunzai-Bot[39m
[08:55:38.295][MARK] å‘é€å¥½å‹æ¶ˆæ¯[å·å¾—æµ®ç”ŸåŠæ—¥é—²](3302304715)
[08:55:55.081][MARK] è¯·ä½¿ç”¨ç™»å½•å½“å‰QQçš„æ‰‹æœº[32mæ‰«ç [39må®Œæˆç™»å½•ï¼Œå¦‚æœæ˜¾ç¤ºäºŒç»´ç è¿‡æœŸï¼Œå¯ä»¥æŒ‰[32må›è½¦é”®ï¼ˆEnterï¼‰[39måˆ·æ–°ï¼Œé‡æ–°è¾“å…¥å¯†ç è¯·æ‰§è¡Œå‘½ä»¤ï¼š[32mnpm run login[39m
[08:56:15.514][MARK] è¯·ä½¿ç”¨ç™»å½•å½“å‰QQçš„æ‰‹æœº[32mæ‰«ç [39må®Œæˆç™»å½•ï¼Œå¦‚æœæ˜¾ç¤ºäºŒç»´ç è¿‡æœŸï¼Œå¯ä»¥æŒ‰[32må›è½¦é”®ï¼ˆEnterï¼‰[39måˆ·æ–°ï¼Œé‡æ–°è¾“å…¥å¯†ç è¯·æ‰§è¡Œå‘½ä»¤ï¼š[32mnpm run login[39m
[08:56:52.444][MARK] [äº‘å´½å¸®åŠ©][help][ç§èŠ][å·å¾—æµ®ç”ŸåŠæ—¥é—²(3302304715)] #å¸®åŠ©
[08:56:52.597][MARK] puppeteer Chromium å¯åŠ¨ä¸­ã€‚ã€‚
[08:56:53.750][MARK] puppeteer Chromium å¯åŠ¨æˆåŠŸ
[08:56:54.787][MARK] [å›¾ç‰‡ç”Ÿæˆ][help][1æ¬¡] 180.94kb [32m1032ms[39m
[08:56:55.280][MARK] [äº‘å´½å¸®åŠ©][help] #å¸®åŠ© å¤„ç†å®Œæˆ 2831ms
[08:57:16.693][MARK] [å…¶ä»–åŠŸèƒ½][status][ç§èŠ][å·å¾—æµ®ç”ŸåŠæ—¥é—²(3302304715)] #çŠ¶æ€
[08:57:17.550][MARK] [å…¶ä»–åŠŸèƒ½][status] #çŠ¶æ€ å¤„ç†å®Œæˆ 855ms
[08:57:31.453][MARK] [å‘é€æ—¥å¿—][sendLog][ç§èŠ][å·å¾—æµ®ç”ŸåŠæ—¥é—²(3302304715)] #æ—¥å¿—
[08:57:31.866][MARK] [å‘é€æ—¥å¿—][sendLog] #æ—¥å¿— å¤„ç†å®Œæˆ 410ms
[09:02:55.546][MARK] Yunzai-Bot å¯åŠ¨ä¸­...
[09:02:55.548][MARK] è¿æ¥redis....
[09:02:55.629][MARK] è¿æ¥redisæˆåŠŸ
[09:02:56.133][MARK] ----^_^----
[09:02:56.134][MARK] [32mYunzai-Bot ä¸Šçº¿æˆåŠŸ ç‰ˆæœ¬v3.0.0[39m
[09:02:56.134][MARK] [32mhttps://github.com/Le-niao/Yunzai-Bot[39m
[09:03:51.229][MARK] [ä¸€è¨€][hitokoto][ç§èŠ][å·å¾—æµ®ç”ŸåŠæ—¥é—²(3302304715)] #ä¸€è¨€
[09:03:52.464][MARK] [ä¸€è¨€][hitokoto] #ä¸€è¨€ å¤„ç†å®Œæˆ 1233ms
[09:05:25.883][MARK] [ä¿®æ”¹æ’ä»¶][example][ä¸€è¨€.js]
[09:05:35.421][MARK] [ä¸€è¨€][hitokoto][ç§èŠ][å·å¾—æµ®ç”ŸåŠæ—¥é—²(3302304715)] #ä¸€è¨€
[09:05:35.633][MARK] [ä¸€è¨€][hitokoto] #ä¸€è¨€ å¤„ç†å®Œæˆ 211ms
[09:05:43.742][MARK] [ä¸€è¨€][hitokoto][ç§èŠ][å·å¾—æµ®ç”ŸåŠæ—¥é—²(3302304715)] #ä¸€è¨€
[09:05:43.895][MARK] [ä¸€è¨€][hitokoto] #ä¸€è¨€ å¤„ç†å®Œæˆ 151ms
[09:05:47.696][MARK] [ä¸€è¨€][hitokoto][ç§èŠ][å·å¾—æµ®ç”ŸåŠæ—¥é—²(3302304715)] #ä¸€è¨€
[09:05:47.880][MARK] [ä¸€è¨€][hitokoto] #ä¸€è¨€ å¤„ç†å®Œæˆ 183ms
[09:09:54.171][MARK] [ä¸€è¨€][hitokoto][ç§èŠ][å·å¾—æµ®ç”ŸåŠæ—¥é—²(3302304715)] #ä¸€è¨€
[09:09:55.672][MARK] [ä¸€è¨€][hitokoto] #ä¸€è¨€ å¤„ç†å®Œæˆ 1500ms
[09:13:45.599][MARK] [å¤è¯»][repeat][ç§èŠ][å·å¾—æµ®ç”ŸåŠæ—¥é—²(3302304715)] #å¤è¯»
[09:13:45.730][MARK] [å¤è¯»][repeat] #å¤è¯» å¤„ç†å®Œæˆ 131ms
[09:16:48.501][MARK] [æ–°å¢æ’ä»¶][example][weath.js]
[09:17:05.446][MARK] [ä¿®æ”¹æ’ä»¶][example][weath.js]
[09:17:57.132][MARK] Yunzai-Bot å¯åŠ¨ä¸­...
[09:17:57.134][MARK] è¿æ¥redis....
[09:17:57.213][MARK] è¿æ¥redisæˆåŠŸ
[09:17:57.719][MARK] ----^_^----
[09:17:57.720][MARK] [32mYunzai-Bot ä¸Šçº¿æˆåŠŸ ç‰ˆæœ¬v3.0.0[39m
[09:17:57.720][MARK] [32mhttps://github.com/Le-niao/Yunzai-Bot[39m
[09:18:07.126][MARK] [å°é£å¤©æ°”æ’ä»¶v1.2][query_weather][ç§èŠ][å·å¾—æµ®ç”ŸåŠæ—¥é—²(3302304715)] #å¤©æ°”
[09:18:07.128][MARK] [å°é£å¤©æ°”æ’ä»¶v1.2][query_weather] #å¤©æ°” å¤„ç†å®Œæˆ 1ms
[09:18:18.342][MARK] [å°é£å¤©æ°”æ’ä»¶v1.2][query_weather][ç§èŠ][å·å¾—æµ®ç”ŸåŠæ—¥é—²(3302304715)] #è´µé˜³å¤©æ°”
[09:18:18.716][MARK] puppeteer Chromium å¯åŠ¨ä¸­ã€‚ã€‚
[09:18:18.837][MARK] puppeteer Chromium å¯åŠ¨æˆåŠŸ
[09:18:20.785][MARK] [å°é£å¤©æ°”æ’ä»¶v1.2][query_weather] #è´µé˜³å¤©æ°” å¤„ç†å®Œæˆ 2442ms
[09:22:25.781][MARK] [å°é£å¤©æ°”æ’ä»¶v1.2][query_weather][ç§èŠ][å·å¾—æµ®ç”ŸåŠæ—¥é—²(3302304715)] #éƒ‘å·å¤©æ°”
[09:22:27.705][MARK] [å°é£å¤©æ°”æ’ä»¶v1.2][query_weather] #éƒ‘å·å¤©æ°” å¤„ç†å®Œæˆ 1923ms
[09:22:46.878][MARK] [å°é£å¤©æ°”æ’ä»¶v1.2][query_weather][ç§èŠ][å·å¾—æµ®ç”ŸåŠæ—¥é—²(3302304715)] #èŠ±æºªåŒºå¤©æ°”
[09:22:48.447][MARK] [å°é£å¤©æ°”æ’ä»¶v1.2][query_weather] #èŠ±æºªåŒºå¤©æ°” å¤„ç†å®Œæˆ 1568ms
[09:29:22.136][MARK] [æ–°å¢æ’ä»¶][example][ceshi.js]
[09:29:31.105][MARK] [ä¿®æ”¹æ’ä»¶][example][weath.js]
[09:29:31.141][MARK] [ä¿®æ”¹æ’ä»¶][example][ceshi.js]
[09:39:22.651][MARK] Yunzai-Bot å¯åŠ¨ä¸­...
[09:39:22.652][MARK] è¿æ¥redis....
[09:39:22.734][MARK] è¿æ¥redisæˆåŠŸ
[09:39:23.285][MARK] ----^_^----
[09:39:23.286][MARK] [32mYunzai-Bot ä¸Šçº¿æˆåŠŸ ç‰ˆæœ¬v3.0.0[39m
[09:39:23.286][MARK] [32mhttps://github.com/Le-niao/Yunzai-Bot[39m
[09:39:38.284][MARK] [å°é£å¤©æ°”æ’ä»¶v1.2][query_weather][ç§èŠ][å·å¾—æµ®ç”ŸåŠæ—¥é—²(3302304715)] #èŠ±æºªåŒºå¤©æ°”
[09:39:38.458][MARK] puppeteer Chromium å¯åŠ¨ä¸­ã€‚ã€‚
[09:39:38.636][MARK] puppeteer Chromium å¯åŠ¨æˆåŠŸ
[09:39:42.741][MARK] [å°é£å¤©æ°”æ’ä»¶v1.2][query_weather] #èŠ±æºªåŒºå¤©æ°” å¤„ç†å®Œæˆ 4453ms
[09:40:27.593][MARK] [ä¿®æ”¹æ’ä»¶][example][ceshi.js]
[09:40:36.165][MARK] [å°é£å¤©æ°”æ’ä»¶v1.2][query_weather][ç§èŠ][å·å¾—æµ®ç”ŸåŠæ—¥é—²(3302304715)] #èŠ±æºªåŒºå¤©æ°”
[09:40:38.904][MARK] [å°é£å¤©æ°”æ’ä»¶v1.2][query_weather] #èŠ±æºªåŒºå¤©æ°” å¤„ç†å®Œæˆ 2738ms
[09:40:51.770][MARK] [å°é£å¤©æ°”æ’ä»¶v1.2][query_weather][ç§èŠ][å·å¾—æµ®ç”ŸåŠæ—¥é—²(3302304715)] #èŠ±æºªåŒºå¤©æ°”
[09:40:53.064][MARK] [å°é£å¤©æ°”æ’ä»¶v1.2][query_weather] #èŠ±æºªåŒºå¤©æ°” å¤„ç†å®Œæˆ 1293ms
[09:42:38.640][MARK] [å¸è½½æ’ä»¶][example][ceshi.js]
[09:42:42.630][MARK] [ä¿®æ”¹æ’ä»¶][example][weath.js]
[09:42:48.075][MARK] Yunzai-Bot å¯åŠ¨ä¸­...
[09:42:48.078][MARK] è¿æ¥redis....
[09:42:48.164][MARK] è¿æ¥redisæˆåŠŸ
[09:42:48.750][MARK] ----^_^----
[09:42:48.753][MARK] [32mYunzai-Bot ä¸Šçº¿æˆåŠŸ ç‰ˆæœ¬v3.0.0[39m
[09:42:48.754][MARK] [32mhttps://github.com/Le-niao/Yunzai-Bot[39m
[09:42:55.351][MARK] [å°é£å¤©æ°”æ’ä»¶v1.2][query_weather][ç§èŠ][å·å¾—æµ®ç”ŸåŠæ—¥é—²(3302304715)] #èŠ±æºªåŒºå¤©æ°”
[09:42:55.766][MARK] puppeteer Chromium å¯åŠ¨ä¸­ã€‚ã€‚
[09:42:55.920][MARK] puppeteer Chromium å¯åŠ¨æˆåŠŸ
[09:42:57.465][MARK] [å°é£å¤©æ°”æ’ä»¶v1.2][query_weather] #èŠ±æºªåŒºå¤©æ°” å¤„ç†å®Œæˆ 2110ms
[09:51:02.438][MARK] Yunzai-Bot å¯åŠ¨ä¸­...
[09:51:02.440][MARK] è¿æ¥redis....
[09:51:02.522][MARK] è¿æ¥redisæˆåŠŸ
[09:51:03.101][MARK] ----^_^----
[09:51:03.102][MARK] [32mYunzai-Bot ä¸Šçº¿æˆåŠŸ ç‰ˆæœ¬v3.0.0[39m
[09:51:03.102][MARK] [32mhttps://github.com/Le-niao/Yunzai-Bot[39m
[09:53:32.596][MARK] [æ·»åŠ è¡¨æƒ…][add][ç§èŠ][å·å¾—æµ®ç”ŸåŠæ—¥é—²(3302304715)] #æ·»åŠ å“ˆå“ˆ
[09:53:32.634][MARK] [æ·»åŠ è¡¨æƒ…][add] #æ·»åŠ å“ˆå“ˆ å¤„ç†å®Œæˆ 38ms
[09:56:40.654][MARK] [ä¸»äººæ‹‰ç¾¤] 742579295
[10:01:00.145][MARK] [æ·»åŠ è¡¨æƒ…][add][bot(å·å¾—æµ®ç”ŸåŠæ—¥é—²)] #æ·»åŠ å“ˆå“ˆ
[10:01:00.387][MARK] [æ·»åŠ è¡¨æƒ…][add] #æ·»åŠ å“ˆå“ˆ å¤„ç†å®Œæˆ 242ms
[10:01:23.461][MARK] [å‘é€è¡¨æƒ…][bot(å·å¾—æµ®ç”ŸåŠæ—¥é—²)] å“ˆå“ˆ
[10:01:58.823][MARK] [å‘é€è¡¨æƒ…][bot(å·å¾—æµ®ç”ŸåŠæ—¥é—²)] å“ˆå“ˆ
[10:02:07.745][MARK] [æ·»åŠ è¡¨æƒ…][del][bot(å·å¾—æµ®ç”ŸåŠæ—¥é—²)] #åˆ é™¤å“ˆå“ˆ
[10:02:07.990][MARK] [æ·»åŠ è¡¨æƒ…][del] #åˆ é™¤å“ˆå“ˆ å¤„ç†å®Œæˆ 244ms
[10:02:22.204][MARK] [æ·»åŠ è¡¨æƒ…][add][bot(å·å¾—æµ®ç”ŸåŠæ—¥é—²)] #æ·»åŠ  å“ˆå“ˆ
[10:02:22.485][MARK] [æ·»åŠ è¡¨æƒ…][add] #æ·»åŠ  å“ˆå“ˆ å¤„ç†å®Œæˆ 281ms
[10:02:36.710][MARK] [å‘é€è¡¨æƒ…][bot(å·å¾—æµ®ç”ŸåŠæ—¥é—²)] å“ˆå“ˆ
[10:02:52.890][MARK] [æ·»åŠ è¡¨æƒ…][del][bot(å·å¾—æµ®ç”ŸåŠæ—¥é—²)] #åˆ é™¤å“ˆå“ˆ
[10:02:53.140][MARK] [æ·»åŠ è¡¨æƒ…][del] #åˆ é™¤å“ˆå“ˆ å¤„ç†å®Œæˆ 250ms
[10:03:07.816][MARK] [å°é£å¤©æ°”æ’ä»¶v1.2][query_weather][bot(å·å¾—æµ®ç”ŸåŠæ—¥é—²)] #èŠ±æºªåŒºå¤©æ°”
[10:03:08.212][MARK] puppeteer Chromium å¯åŠ¨ä¸­ã€‚ã€‚
[10:03:08.340][MARK] puppeteer Chromium å¯åŠ¨æˆåŠŸ
[10:03:10.592][MARK] [å°é£å¤©æ°”æ’ä»¶v1.2][query_weather] #èŠ±æºªåŒºå¤©æ°” å¤„ç†å®Œæˆ 2775ms
[10:04:31.529][MARK] Yunzai-Bot å¯åŠ¨ä¸­...
[10:04:31.531][MARK] è¿æ¥redis....
[10:04:31.613][MARK] è¿æ¥redisæˆåŠŸ
[10:04:32.156][MARK] ----^_^----
[10:04:32.157][MARK] [32mYunzai-Bot ä¸Šçº¿æˆåŠŸ ç‰ˆæœ¬v3.0.0[39m
[10:04:32.157][MARK] [32mhttps://github.com/Le-niao/Yunzai-Bot[39m
[10:05:13.817][MARK] [ç–«æƒ…ä¿¡æ¯æŸ¥è¯¢][covid19Real][bot(å·å¾—æµ®ç”ŸåŠæ—¥é—²)] ç–«æƒ…
[10:05:14.453][MARK] puppeteer Chromium å¯åŠ¨ä¸­ã€‚ã€‚
[10:05:14.565][MARK] puppeteer Chromium å¯åŠ¨æˆåŠŸ
[10:05:16.244][MARK] [å›¾ç‰‡ç”Ÿæˆ][covid19Real][1æ¬¡] 211.96kb [32m1674ms[39m
[10:05:17.610][MARK] [ç–«æƒ…ä¿¡æ¯æŸ¥è¯¢][covid19Real] ç–«æƒ… å¤„ç†å®Œæˆ 3792ms
[10:05:31.175][MARK] [ç–«æƒ…ä¿¡æ¯æŸ¥è¯¢][covid19Real][bot(å·å¾—æµ®ç”ŸåŠæ—¥é—²)] èŠ±æºªåŒºç–«æƒ…
[10:05:32.023][MARK] [å›¾ç‰‡ç”Ÿæˆ][covid19Real][2æ¬¡] 103.35kb [32m372ms[39m
[10:05:32.024][MARK] [ç–«æƒ…ä¿¡æ¯æŸ¥è¯¢][covid19Real] èŠ±æºªåŒºç–«æƒ… å¤„ç†å®Œæˆ 848ms
[10:05:57.334][MARK] [ç–«æƒ…ä¿¡æ¯æŸ¥è¯¢][covid19Real][bot(å·å¾—æµ®ç”ŸåŠæ—¥é—²)] èŠ±æºªåŒºç–«æƒ…
[10:05:58.139][MARK] [å›¾ç‰‡ç”Ÿæˆ][covid19Real][3æ¬¡] 103.35kb [32m366ms[39m
[10:05:58.139][MARK] [ç–«æƒ…ä¿¡æ¯æŸ¥è¯¢][covid19Real] èŠ±æºªåŒºç–«æƒ… å¤„ç†å®Œæˆ 804ms
[10:06:11.206][MARK] [ç–«æƒ…ä¿¡æ¯æŸ¥è¯¢][covid19Real][bot(å·å¾—æµ®ç”ŸåŠæ—¥é—²)] è´µé˜³ç–«æƒ…
[10:06:12.174][MARK] [å›¾ç‰‡ç”Ÿæˆ][covid19Real][4æ¬¡] 193.31kb [32m407ms[39m
[10:06:13.385][MARK] [ç–«æƒ…ä¿¡æ¯æŸ¥è¯¢][covid19Real] è´µé˜³ç–«æƒ… å¤„ç†å®Œæˆ 2178ms
[10:06:39.547][MARK] [æœç•ªå‰§][fjsearch][bot(å·å¾—æµ®ç”ŸåŠæ—¥é—²)] æœç•ª
[10:06:39.799][MARK] [æœç•ªå‰§][fjsearch] æœç•ª å¤„ç†å®Œæˆ 251ms
[10:07:05.337][ERRO] FetchError: request to https://api.trace.moe/search?anilistInfo=&cutBorders= failed, reason: Client network socket disconnected before secure TLS connection was established
    at ClientRequest.<anonymous> (file:///D:/Project/Yunzai-Bot/node_modules/.pnpm/node-fetch@3.2.6/node_modules/node-fetch/src/index.js:108:11)
    at ClientRequest.emit (node:events:539:35)
    at TLSSocket.socketErrorListener (node:_http_client:454:9)
    at TLSSocket.emit (node:events:527:28)
    at emitErrorNT (node:internal/streams/destroy:157:8)
    at emitErrorCloseNT (node:internal/streams/destroy:122:3)
    at processTicksAndRejections (node:internal/process/task_queues:83:21) {
  type: 'system',
  errno: 'ECONNRESET',
  code: 'ECONNRESET',
  erroredSysCall: undefined
}
[10:07:58.769][MARK] Yunzai-Bot å¯åŠ¨ä¸­...
[10:07:58.771][MARK] è¿æ¥redis....
[10:07:58.856][MARK] è¿æ¥redisæˆåŠŸ
[10:07:59.396][MARK] ----^_^----
[10:07:59.396][MARK] [32mYunzai-Bot ä¸Šçº¿æˆåŠŸ ç‰ˆæœ¬v3.0.0[39m
[10:07:59.396][MARK] [32mhttps://github.com/Le-niao/Yunzai-Bot[39m
[10:08:08.784][MARK] [è®¡ç®—å™¨][calc][bot(å·å¾—æµ®ç”ŸåŠæ—¥é—²)] 1*2
[10:08:09.051][MARK] [è®¡ç®—å™¨][calc] 1*2 å¤„ç†å®Œæˆ 266ms
[10:08:18.926][MARK] [KFCç–¯ç‹‚æ˜ŸæœŸå››][Crazy4][bot(å·å¾—æµ®ç”ŸåŠæ—¥é—²)] æ˜ŸæœŸå››
[10:08:19.454][MARK] [KFCç–¯ç‹‚æ˜ŸæœŸå››][Crazy4] æ˜ŸæœŸå›› å¤„ç†å®Œæˆ 526ms
[10:12:08.722][MARK] Yunzai-Bot å¯åŠ¨ä¸­...
[10:12:08.724][MARK] è¿æ¥redis....
[10:12:08.804][MARK] è¿æ¥redisæˆåŠŸ
[10:12:09.275][MARK] ----^_^----
[10:12:09.276][MARK] [32mYunzai-Bot ä¸Šçº¿æˆåŠŸ ç‰ˆæœ¬v3.0.0[39m
[10:12:09.276][MARK] [32mhttps://github.com/Le-niao/Yunzai-Bot[39m
[10:13:21.928][MARK] [æˆªå›¾é¢„è§ˆç½‘é¡µå†…å®¹][webPreview][å¼€å‘è€…æµ‹è¯•åŒº(å·å¾—æµ®ç”ŸåŠæ—¥é—²)] www.google.com
[10:13:22.224][ERRO] [æˆªå›¾é¢„è§ˆç½‘é¡µå†…å®¹][webPreview]
[10:13:22.225][ERRO] ProtocolError: Protocol error (Page.navigate): Cannot navigate to invalid URL
    at D:\Project\Yunzai-Bot\node_modules\.pnpm\puppeteer@13.7.0\node_modules\puppeteer\lib\cjs\puppeteer\common\Connection.js:230:24
    at new Promise (<anonymous>)
    at CDPSession.send (D:\Project\Yunzai-Bot\node_modules\.pnpm\puppeteer@13.7.0\node_modules\puppeteer\lib\cjs\puppeteer\common\Connection.js:226:16)
    at navigate (D:\Project\Yunzai-Bot\node_modules\.pnpm\puppeteer@13.7.0\node_modules\puppeteer\lib\cjs\puppeteer\common\FrameManager.js:149:47)
    at FrameManager.navigateFrame (D:\Project\Yunzai-Bot\node_modules\.pnpm\puppeteer@13.7.0\node_modules\puppeteer\lib\cjs\puppeteer\common\FrameManager.js:132:13)
    at Frame.goto (D:\Project\Yunzai-Bot\node_modules\.pnpm\puppeteer@13.7.0\node_modules\puppeteer\lib\cjs\puppeteer\common\FrameManager.js:512:41)
    at Page.goto (D:\Project\Yunzai-Bot\node_modules\.pnpm\puppeteer@13.7.0\node_modules\puppeteer\lib\cjs\puppeteer\common\Page.js:1167:53)
    at webPreview (file:///D:/Project/Yunzai-Bot/plugins/suiyue/apps/webPreview.js:51:20)
    at processTicksAndRejections (node:internal/process/task_queues:96:5)
    at async PluginsLoader.deal (file:///D:/Project/Yunzai-Bot/lib/plugins/loader.js:248:52)
[10:13:41.226][MARK] [KFCç–¯ç‹‚æ˜ŸæœŸå››][Crazy4][å¼€å‘è€…æµ‹è¯•åŒº(å·å¾—æµ®ç”ŸåŠæ—¥é—²)] æ˜ŸæœŸå››
[10:13:41.608][MARK] [KFCç–¯ç‹‚æ˜ŸæœŸå››][Crazy4] æ˜ŸæœŸå›› å¤„ç†å®Œæˆ 381ms
[10:14:17.643][MARK] [æˆªå›¾é¢„è§ˆç½‘é¡µå†…å®¹][webPreview][å¼€å‘è€…æµ‹è¯•åŒº(å·å¾—æµ®ç”ŸåŠæ—¥é—²)] https://www.bilibili.com/
[10:14:23.140][MARK] [æˆªå›¾é¢„è§ˆç½‘é¡µå†…å®¹][webPreview] https://www.bilibili.com/ å¤„ç†å®Œæˆ 5496ms
[10:15:22.345][MARK] [æˆªå›¾é¢„è§ˆç½‘é¡µå†…å®¹][webPreview][å¼€å‘è€…æµ‹è¯•åŒº(å·å¾—æµ®ç”ŸåŠæ—¥é—²)] https://www.msn.cn/zh-cn/weather/forecast/in-%E8%B4%B5%E5%B7%9E%E7%9C%81,%E8%...
[10:15:28.384][MARK] [æˆªå›¾é¢„è§ˆç½‘é¡µå†…å®¹][webPreview] https://www.msn.cn/zh-cn/weather/forecast/in-%E8%B4%B5%E5%B7%9E%E7%9C%81,%E8%... å¤„ç†å®Œæˆ 6037ms
[10:16:16.899][MARK] [æˆªå›¾é¢„è§ˆç½‘é¡µå†…å®¹][webPreview][å¼€å‘è€…æµ‹è¯•åŒº(å·å¾—æµ®ç”ŸåŠæ—¥é—²)] https://www.msn.cn/zh-cn/weather/forecast/in-è´µå·çœè´µé˜³å¸‚?loc=eyJsIjoi6LS16Ziz5biCI...
[10:16:25.867][MARK] [æˆªå›¾é¢„è§ˆç½‘é¡µå†…å®¹][webPreview] https://www.msn.cn/zh-cn/weather/forecast/in-è´µå·çœè´µé˜³å¸‚?loc=eyJsIjoi6LS16Ziz5biCI... å¤„ç†å®Œæˆ 8968ms
[10:16:35.956][MARK] [æˆªå›¾é¢„è§ˆç½‘é¡µå†…å®¹][webPreview][å¼€å‘è€…æµ‹è¯•åŒº(å·å¾—æµ®ç”ŸåŠæ—¥é—²)] https://www.msn.cn/zh-cn/weather/forecast/in-è´µå·çœ,è´µé˜³å¸‚?loc=eyJsIjoi6LS16Ziz5biC...
[10:16:40.086][MARK] [æˆªå›¾é¢„è§ˆç½‘é¡µå†…å®¹][webPreview] https://www.msn.cn/zh-cn/weather/forecast/in-è´µå·çœ,è´µé˜³å¸‚?loc=eyJsIjoi6LS16Ziz5biC... å¤„ç†å®Œæˆ 4130ms
[10:19:17.552][MARK] [ç–«æƒ…ä¿¡æ¯æŸ¥è¯¢][covid19Real][å¼€å‘è€…æµ‹è¯•åŒº(å·å¾—æµ®ç”ŸåŠæ—¥é—²)] è´µå·ç–«æƒ…
[10:19:18.043][MARK] puppeteer Chromium å¯åŠ¨ä¸­ã€‚ã€‚
[10:19:18.132][MARK] puppeteer Chromium å¯åŠ¨æˆåŠŸ
[10:19:19.179][MARK] [å›¾ç‰‡ç”Ÿæˆ][covid19Real][1æ¬¡] 218.43kb [32m1041ms[39m
[10:19:20.400][MARK] [ç–«æƒ…ä¿¡æ¯æŸ¥è¯¢][covid19Real] è´µå·ç–«æƒ… å¤„ç†å®Œæˆ 2846ms
[10:20:47.881][MARK] [æˆªå›¾é¢„è§ˆç½‘é¡µå†…å®¹][webPreview][å¼€å‘è€…æµ‹è¯•åŒº(å·å¾—æµ®ç”ŸåŠæ—¥é—²)] http://api.msn.com/weather/LiveTile/front?locale=zh-CN&lat=31.2559617&lon=121...
[10:20:50.296][MARK] [æˆªå›¾é¢„è§ˆç½‘é¡µå†…å®¹][webPreview] http://api.msn.com/weather/LiveTile/front?locale=zh-CN&lat=31.2559617&lon=121... å¤„ç†å®Œæˆ 2415ms
[10:23:43.850][MARK] [è®¡ç®—å™¨][calc][å¼€å‘è€…æµ‹è¯•åŒº(å·å¾—æµ®ç”ŸåŠæ—¥é—²)] 26.450356499999998
[10:23:43.850][MARK] [è®¡ç®—å™¨][calc] 26.450356499999998 å¤„ç†å®Œæˆ 0ms
[10:23:49.106][MARK] [è®¡ç®—å™¨][calc][å¼€å‘è€…æµ‹è¯•åŒº(å·å¾—æµ®ç”ŸåŠæ—¥é—²)] 106.66587849999999
[10:23:49.107][MARK] [è®¡ç®—å™¨][calc] 106.66587849999999 å¤„ç†å®Œæˆ 0ms
[10:24:23.381][MARK] [æˆªå›¾é¢„è§ˆç½‘é¡µå†…å®¹][webPreview][å¼€å‘è€…æµ‹è¯•åŒº(å·å¾—æµ®ç”ŸåŠæ—¥é—²)] http://api.msn.com/weather/LiveTile/front?locale=zh-CN&lat=26.450356499999998...
[10:24:25.936][MARK] [æˆªå›¾é¢„è§ˆç½‘é¡µå†…å®¹][webPreview] http://api.msn.com/weather/LiveTile/front?locale=zh-CN&lat=26.450356499999998... å¤„ç†å®Œæˆ 2555ms
[10:30:02.209][MARK] [æˆªå›¾é¢„è§ˆç½‘é¡µå†…å®¹][webPreview][å¼€å‘è€…æµ‹è¯•åŒº(å·å¾—æµ®ç”ŸåŠæ—¥é—²)] http://m.weather.com.cn/mweather/101260103.shtml
[10:30:07.570][MARK] [æˆªå›¾é¢„è§ˆç½‘é¡µå†…å®¹][webPreview] http://m.weather.com.cn/mweather/101260103.shtml å¤„ç†å®Œæˆ 5360ms
[10:32:08.169][MARK] Yunzai-Bot å¯åŠ¨ä¸­...
[10:32:08.171][MARK] è¿æ¥redis....
[10:32:08.252][MARK] è¿æ¥redisæˆåŠŸ
[10:32:08.816][MARK] ----^_^----
[10:32:08.817][MARK] [32mYunzai-Bot ä¸Šçº¿æˆåŠŸ ç‰ˆæœ¬v3.0.0[39m
[10:32:08.817][MARK] [32mhttps://github.com/Le-niao/Yunzai-Bot[39m
[10:32:22.621][MARK] [å°é£å¤©æ°”æ’ä»¶v1.2][query_weather][å¼€å‘è€…æµ‹è¯•åŒº(å·å¾—æµ®ç”ŸåŠæ—¥é—²)] #å¤©æ°”
[10:32:22.760][MARK] puppeteer Chromium å¯åŠ¨ä¸­ã€‚ã€‚
[10:32:22.857][MARK] puppeteer Chromium å¯åŠ¨æˆåŠŸ
[10:32:27.221][MARK] [å°é£å¤©æ°”æ’ä»¶v1.2][query_weather] #å¤©æ°” å¤„ç†å®Œæˆ 4597ms
[10:33:29.604][MARK] [ä¿®æ”¹æ’ä»¶][example][test.js]
[10:33:35.147][MARK] Yunzai-Bot å¯åŠ¨ä¸­...
[10:33:35.149][MARK] è¿æ¥redis....
[10:33:35.232][MARK] è¿æ¥redisæˆåŠŸ
[10:33:35.753][MARK] ----^_^----
[10:33:35.754][MARK] [32mYunzai-Bot ä¸Šçº¿æˆåŠŸ ç‰ˆæœ¬v3.0.0[39m
[10:33:35.754][MARK] [32mhttps://github.com/Le-niao/Yunzai-Bot[39m
[10:33:40.340][MARK] [å°é£å¤©æ°”æ’ä»¶v1.2][query_weather][å¼€å‘è€…æµ‹è¯•åŒº(å·å¾—æµ®ç”ŸåŠæ—¥é—²)] #å¤©æ°”
[10:33:40.483][MARK] puppeteer Chromium å¯åŠ¨ä¸­ã€‚ã€‚
[10:33:40.581][MARK] puppeteer Chromium å¯åŠ¨æˆåŠŸ
[10:33:43.693][MARK] [å°é£å¤©æ°”æ’ä»¶v1.2][query_weather] #å¤©æ°” å¤„ç†å®Œæˆ 3350ms
[10:34:20.410][MARK] [ä¿®æ”¹æ’ä»¶][example][test.js]
[10:34:24.243][MARK] Yunzai-Bot å¯åŠ¨ä¸­...
[10:34:24.245][MARK] è¿æ¥redis....
[10:34:24.328][MARK] è¿æ¥redisæˆåŠŸ
[10:34:24.837][MARK] ----^_^----
[10:34:24.838][MARK] [32mYunzai-Bot ä¸Šçº¿æˆåŠŸ ç‰ˆæœ¬v3.0.0[39m
[10:34:24.838][MARK] [32mhttps://github.com/Le-niao/Yunzai-Bot[39m
[10:34:27.717][MARK] [å°é£å¤©æ°”æ’ä»¶v1.2][query_weather][å¼€å‘è€…æµ‹è¯•åŒº(å·å¾—æµ®ç”ŸåŠæ—¥é—²)] #å¤©æ°”
[10:34:27.857][MARK] puppeteer Chromium å¯åŠ¨ä¸­ã€‚ã€‚
[10:34:27.972][MARK] puppeteer Chromium å¯åŠ¨æˆåŠŸ
[10:34:30.860][MARK] [å°é£å¤©æ°”æ’ä»¶v1.2][query_weather] #å¤©æ°” å¤„ç†å®Œæˆ 3140ms
[10:40:05.558][MARK] [ä¿®æ”¹æ’ä»¶][example][test.js]
[10:40:10.179][MARK] Yunzai-Bot å¯åŠ¨ä¸­...
[10:40:10.181][MARK] è¿æ¥redis....
[10:40:10.270][MARK] è¿æ¥redisæˆåŠŸ
[10:40:10.778][MARK] ----^_^----
[10:40:10.778][MARK] [32mYunzai-Bot ä¸Šçº¿æˆåŠŸ ç‰ˆæœ¬v3.0.0[39m
[10:40:10.779][MARK] [32mhttps://github.com/Le-niao/Yunzai-Bot[39m
[10:40:13.761][MARK] [å°é£å¤©æ°”æ’ä»¶v1.2][query_weather][å¼€å‘è€…æµ‹è¯•åŒº(å·å¾—æµ®ç”ŸåŠæ—¥é—²)] #å¤©æ°”
[10:40:13.898][MARK] puppeteer Chromium å¯åŠ¨ä¸­ã€‚ã€‚
[10:40:14.012][MARK] puppeteer Chromium å¯åŠ¨æˆåŠŸ
[10:40:44.041][ERRO] [å°é£å¤©æ°”æ’ä»¶v1.2][query_weather]
[10:40:44.042][ERRO] TimeoutError: Navigation timeout of 30000 ms exceeded
    at D:\Project\Yunzai-Bot\node_modules\.pnpm\puppeteer@13.7.0\node_modules\puppeteer\lib\cjs\puppeteer\common\LifecycleWatcher.js:108:111
[10:43:07.401][MARK] Yunzai-Bot å¯åŠ¨ä¸­...
[10:43:07.404][MARK] è¿æ¥redis....
[10:43:07.486][MARK] è¿æ¥redisæˆåŠŸ
[10:43:08.158][MARK] ----^_^----
[10:43:08.159][MARK] [32mYunzai-Bot ä¸Šçº¿æˆåŠŸ ç‰ˆæœ¬v3.0.0[39m
[10:43:08.159][MARK] [32mhttps://github.com/Le-niao/Yunzai-Bot[39m
[10:43:08.172][ERRO] è½½å…¥æ’ä»¶é”™è¯¯ï¼š[31mexample/test.js[39m
[10:43:08.173][ERRO] SyntaxError: Invalid left-hand side in assignment
    at ESMLoader.moduleStrategy (node:internal/modules/esm/translators:117:18)
    at ESMLoader.moduleProvider (node:internal/modules/esm/loader:337:14)
    at async link (node:internal/modules/esm/module_job:70:21)
[10:45:09.905][MARK] Yunzai-Bot å¯åŠ¨ä¸­...
[10:45:09.907][MARK] è¿æ¥redis....
[10:45:09.989][MARK] è¿æ¥redisæˆåŠŸ
[10:45:10.517][MARK] ----^_^----
[10:45:10.518][MARK] [32mYunzai-Bot ä¸Šçº¿æˆåŠŸ ç‰ˆæœ¬v3.0.0[39m
[10:45:10.518][MARK] [32mhttps://github.com/Le-niao/Yunzai-Bot[39m
[10:45:10.531][ERRO] è½½å…¥æ’ä»¶é”™è¯¯ï¼š[31mexample/test.js[39m
[10:45:10.531][ERRO] SyntaxError: Invalid left-hand side in assignment
    at ESMLoader.moduleStrategy (node:internal/modules/esm/translators:117:18)
    at ESMLoader.moduleProvider (node:internal/modules/esm/loader:337:14)
    at async link (node:internal/modules/esm/module_job:70:21)
[10:45:34.620][MARK] [ä¿®æ”¹æ’ä»¶][example][test.js]
[10:45:39.541][MARK] Yunzai-Bot å¯åŠ¨ä¸­...
[10:45:39.543][MARK] è¿æ¥redis....
[10:45:39.625][MARK] è¿æ¥redisæˆåŠŸ
[10:45:40.155][MARK] ----^_^----
[10:45:40.156][MARK] [32mYunzai-Bot ä¸Šçº¿æˆåŠŸ ç‰ˆæœ¬v3.0.0[39m
[10:45:40.156][MARK] [32mhttps://github.com/Le-niao/Yunzai-Bot[39m
[10:45:42.526][MARK] [å°é£å¤©æ°”æ’ä»¶v1.2][query_weather][å¼€å‘è€…æµ‹è¯•åŒº(å·å¾—æµ®ç”ŸåŠæ—¥é—²)] #å¤©æ°”
[10:45:42.667][MARK] puppeteer Chromium å¯åŠ¨ä¸­ã€‚ã€‚
[10:45:42.786][MARK] puppeteer Chromium å¯åŠ¨æˆåŠŸ
[10:46:12.816][ERRO] [å°é£å¤©æ°”æ’ä»¶v1.2][query_weather]
[10:46:12.817][ERRO] TimeoutError: Navigation timeout of 30000 ms exceeded
    at D:\Project\Yunzai-Bot\node_modules\.pnpm\puppeteer@13.7.0\node_modules\puppeteer\lib\cjs\puppeteer\common\LifecycleWatcher.js:108:111
[10:46:27.637][MARK] Yunzai-Bot å¯åŠ¨ä¸­...
[10:46:27.639][MARK] è¿æ¥redis....
[10:46:27.723][MARK] è¿æ¥redisæˆåŠŸ
[10:46:29.268][MARK] ----^_^----
[10:46:29.268][MARK] [32mYunzai-Bot ä¸Šçº¿æˆåŠŸ ç‰ˆæœ¬v3.0.0[39m
[10:46:29.269][MARK] [32mhttps://github.com/Le-niao/Yunzai-Bot[39m
[10:46:31.475][MARK] [å°é£å¤©æ°”æ’ä»¶v1.2][query_weather][å¼€å‘è€…æµ‹è¯•åŒº(å·å¾—æµ®ç”ŸåŠæ—¥é—²)] #å¤©æ°”
[10:46:31.611][MARK] puppeteer Chromium å¯åŠ¨ä¸­ã€‚ã€‚
[10:46:31.723][MARK] puppeteer Chromium å¯åŠ¨æˆåŠŸ
[10:46:35.216][MARK] [å°é£å¤©æ°”æ’ä»¶v1.2][query_weather] #å¤©æ°” å¤„ç†å®Œæˆ 3738ms
[10:47:09.648][MARK] [ä¿®æ”¹æ’ä»¶][example][test.js]
[10:47:13.240][MARK] Yunzai-Bot å¯åŠ¨ä¸­...
[10:47:13.242][MARK] è¿æ¥redis....
[10:47:13.323][MARK] è¿æ¥redisæˆåŠŸ
[10:47:13.913][MARK] ----^_^----
[10:47:13.914][MARK] [32mYunzai-Bot ä¸Šçº¿æˆåŠŸ ç‰ˆæœ¬v3.0.0[39m
[10:47:13.914][MARK] [32mhttps://github.com/Le-niao/Yunzai-Bot[39m
[10:47:19.201][MARK] [å°é£å¤©æ°”æ’ä»¶v1.2][query_weather][å¼€å‘è€…æµ‹è¯•åŒº(å·å¾—æµ®ç”ŸåŠæ—¥é—²)] #å¤©æ°”
[10:47:19.341][MARK] puppeteer Chromium å¯åŠ¨ä¸­ã€‚ã€‚
[10:47:19.441][MARK] puppeteer Chromium å¯åŠ¨æˆåŠŸ
[10:47:23.673][MARK] [å°é£å¤©æ°”æ’ä»¶v1.2][query_weather] #å¤©æ°” å¤„ç†å®Œæˆ 4469ms
[10:48:15.776][MARK] [ä¿®æ”¹æ’ä»¶][example][test.js]
[10:48:23.874][MARK] [ä¿®æ”¹æ’ä»¶][example][test.js]
[10:48:27.551][MARK] [ä¿®æ”¹æ’ä»¶][example][test.js]
[10:48:34.916][MARK] Yunzai-Bot å¯åŠ¨ä¸­...
[10:48:34.918][MARK] è¿æ¥redis....
[10:48:35.001][MARK] è¿æ¥redisæˆåŠŸ
[10:48:35.783][MARK] ----^_^----
[10:48:35.784][MARK] [32mYunzai-Bot ä¸Šçº¿æˆåŠŸ ç‰ˆæœ¬v3.0.0[39m
[10:48:35.784][MARK] [32mhttps://github.com/Le-niao/Yunzai-Bot[39m
[10:48:36.902][MARK] [å°é£å¤©æ°”æ’ä»¶v1.2][query_weather][å¼€å‘è€…æµ‹è¯•åŒº(å·å¾—æµ®ç”ŸåŠæ—¥é—²)] å¤©æ°”
[10:48:37.042][MARK] puppeteer Chromium å¯åŠ¨ä¸­ã€‚ã€‚
[10:48:37.156][MARK] puppeteer Chromium å¯åŠ¨æˆåŠŸ
[10:48:42.326][MARK] [å°é£å¤©æ°”æ’ä»¶v1.2][query_weather][å¼€å‘è€…æµ‹è¯•åŒº(å·å¾—æµ®ç”ŸåŠæ—¥é—²)] #å¤©æ°”
[10:48:45.607][MARK] [å°é£å¤©æ°”æ’ä»¶v1.2][query_weather] #å¤©æ°” å¤„ç†å®Œæˆ 3280ms
[10:48:53.195][MARK] [å°é£å¤©æ°”æ’ä»¶v1.2][query_weather][å¼€å‘è€…æµ‹è¯•åŒº(å·å¾—æµ®ç”ŸåŠæ—¥é—²)] #å¤©æ°”
[10:48:55.126][MARK] [å°é£å¤©æ°”æ’ä»¶v1.2][query_weather] #å¤©æ°” å¤„ç†å®Œæˆ 1931ms
[10:49:07.018][MARK] Yunzai-Bot å¯åŠ¨ä¸­...
[10:49:07.020][MARK] è¿æ¥redis....
[10:49:07.105][MARK] è¿æ¥redisæˆåŠŸ
[10:49:07.682][MARK] ----^_^----
[10:49:07.683][MARK] [32mYunzai-Bot ä¸Šçº¿æˆåŠŸ ç‰ˆæœ¬v3.0.0[39m
[10:49:07.683][MARK] [32mhttps://github.com/Le-niao/Yunzai-Bot[39m
[10:49:12.542][MARK] [å°é£å¤©æ°”æ’ä»¶v1.2][query_weather][å¼€å‘è€…æµ‹è¯•åŒº(å·å¾—æµ®ç”ŸåŠæ—¥é—²)] #å¤©æ°”
[10:49:12.681][MARK] puppeteer Chromium å¯åŠ¨ä¸­ã€‚ã€‚
[10:49:12.792][MARK] puppeteer Chromium å¯åŠ¨æˆåŠŸ
[10:49:15.282][MARK] [å°é£å¤©æ°”æ’ä»¶v1.2][query_weather] #å¤©æ°” å¤„ç†å®Œæˆ 2737ms
[10:53:19.507][MARK] Yunzai-Bot å¯åŠ¨ä¸­...
[10:53:19.509][MARK] è¿æ¥redis....
[10:53:19.592][MARK] è¿æ¥redisæˆåŠŸ
[10:53:20.111][MARK] ----^_^----
[10:53:20.112][MARK] [32mYunzai-Bot ä¸Šçº¿æˆåŠŸ ç‰ˆæœ¬v3.0.0[39m
[10:53:20.112][MARK] [32mhttps://github.com/Le-niao/Yunzai-Bot[39m
[10:53:33.404][MARK] [å°é£å¤©æ°”æ’ä»¶v1.2][query_weather][å¼€å‘è€…æµ‹è¯•åŒº(å·å¾—æµ®ç”ŸåŠæ—¥é—²)] #å¤©æ°”
[10:53:33.545][MARK] puppeteer Chromium å¯åŠ¨ä¸­ã€‚ã€‚
[10:53:33.645][MARK] puppeteer Chromium å¯åŠ¨æˆåŠŸ
[10:53:36.715][MARK] [å°é£å¤©æ°”æ’ä»¶v1.2][query_weather] #å¤©æ°” å¤„ç†å®Œæˆ 3307ms
[10:56:02.089][MARK] [ä¿®æ”¹æ’ä»¶][example][test.js]
[10:56:18.923][MARK] [ä¿®æ”¹æ’ä»¶][example][test.js]
[10:56:21.088][MARK] [ä¿®æ”¹æ’ä»¶][example][test.js]
[10:56:24.521][MARK] Yunzai-Bot å¯åŠ¨ä¸­...
[10:56:24.523][MARK] è¿æ¥redis....
[10:56:24.604][MARK] è¿æ¥redisæˆåŠŸ
[10:56:26.080][MARK] ----^_^----
[10:56:26.081][MARK] [32mYunzai-Bot ä¸Šçº¿æˆåŠŸ ç‰ˆæœ¬v3.0.0[39m
[10:56:26.082][MARK] [32mhttps://github.com/Le-niao/Yunzai-Bot[39m
[10:56:27.820][MARK] [å°é£å¤©æ°”æ’ä»¶v1.2][query_weather][å¼€å‘è€…æµ‹è¯•åŒº(å·å¾—æµ®ç”ŸåŠæ—¥é—²)] #å¤©æ°”
[10:56:27.960][MARK] puppeteer Chromium å¯åŠ¨ä¸­ã€‚ã€‚
[10:56:28.062][MARK] puppeteer Chromium å¯åŠ¨æˆåŠŸ
[10:56:46.784][MARK] Yunzai-Bot å¯åŠ¨ä¸­...
[10:56:46.786][MARK] è¿æ¥redis....
[10:56:46.867][MARK] è¿æ¥redisæˆåŠŸ
[10:56:47.577][MARK] ----^_^----
[10:56:47.577][MARK] [32mYunzai-Bot ä¸Šçº¿æˆåŠŸ ç‰ˆæœ¬v3.0.0[39m
[10:56:47.578][MARK] [32mhttps://github.com/Le-niao/Yunzai-Bot[39m
[10:56:52.612][MARK] [å°é£å¤©æ°”æ’ä»¶v1.2][query_weather][å¼€å‘è€…æµ‹è¯•åŒº(å·å¾—æµ®ç”ŸåŠæ—¥é—²)] #å¤©æ°”
[10:56:52.752][MARK] puppeteer Chromium å¯åŠ¨ä¸­ã€‚ã€‚
[10:56:52.865][MARK] puppeteer Chromium å¯åŠ¨æˆåŠŸ
[10:56:54.592][ERRO] [å°é£å¤©æ°”æ’ä»¶v1.2][query_weather]
[10:56:54.593][ERRO] Error: options.clip and options.fullPage are exclusive
    at assert (D:\Project\Yunzai-Bot\node_modules\.pnpm\puppeteer@13.7.0\node_modules\puppeteer\lib\cjs\puppeteer\common\assert.js:26:15)
    at Page.screenshot (D:\Project\Yunzai-Bot\node_modules\.pnpm\puppeteer@13.7.0\node_modules\puppeteer\lib\cjs\puppeteer\common\Page.js:1968:32)
    at ElementHandle.screenshot (D:\Project\Yunzai-Bot\node_modules\.pnpm\puppeteer@13.7.0\node_modules\puppeteer\lib\cjs\puppeteer\common\JSHandle.js:768:44)
    at runMicrotasks (<anonymous>)
    at processTicksAndRejections (node:internal/process/task_queues:96:5)
    at async weather (file:///D:/Project/Yunzai-Bot/plugins/example/test.js:123:2)
    at async xiaofei_weather.query_weather (file:///D:/Project/Yunzai-Bot/plugins/example/test.js:31:3)
    at async PluginsLoader.deal (file:///D:/Project/Yunzai-Bot/lib/plugins/loader.js:248:52)
[10:57:21.770][MARK] Yunzai-Bot å¯åŠ¨ä¸­...
[10:57:21.771][MARK] è¿æ¥redis....
[10:57:21.854][MARK] è¿æ¥redisæˆåŠŸ
[10:57:22.398][MARK] ----^_^----
[10:57:22.399][MARK] [32mYunzai-Bot ä¸Šçº¿æˆåŠŸ ç‰ˆæœ¬v3.0.0[39m
[10:57:22.399][MARK] [32mhttps://github.com/Le-niao/Yunzai-Bot[39m
[10:57:22.756][MARK] [å°é£å¤©æ°”æ’ä»¶v1.2][query_weather][å¼€å‘è€…æµ‹è¯•åŒº(å·å¾—æµ®ç”ŸåŠæ—¥é—²)] #å¤©æ°”
[10:57:22.900][MARK] puppeteer Chromium å¯åŠ¨ä¸­ã€‚ã€‚
[10:57:23.015][MARK] puppeteer Chromium å¯åŠ¨æˆåŠŸ
[10:57:23.495][MARK] [å°é£å¤©æ°”æ’ä»¶v1.2][query_weather][å¼€å‘è€…æµ‹è¯•åŒº(å·å¾—æµ®ç”ŸåŠæ—¥é—²)] #å¤©æ°”
[10:57:25.286][MARK] [å°é£å¤©æ°”æ’ä»¶v1.2][query_weather][å¼€å‘è€…æµ‹è¯•åŒº(å·å¾—æµ®ç”ŸåŠæ—¥é—²)] #å¤©æ°”
[10:57:52.429][MARK] Yunzai-Bot å¯åŠ¨ä¸­...
[10:57:52.431][MARK] è¿æ¥redis....
[10:57:52.513][MARK] è¿æ¥redisæˆåŠŸ
[10:57:53.031][MARK] ----^_^----
[10:57:53.032][MARK] [32mYunzai-Bot ä¸Šçº¿æˆåŠŸ ç‰ˆæœ¬v3.0.0[39m
[10:57:53.032][MARK] [32mhttps://github.com/Le-niao/Yunzai-Bot[39m
[10:57:55.460][MARK] [å°é£å¤©æ°”æ’ä»¶v1.2][query_weather][å¼€å‘è€…æµ‹è¯•åŒº(å·å¾—æµ®ç”ŸåŠæ—¥é—²)] #å¤©æ°”
[10:57:55.600][MARK] puppeteer Chromium å¯åŠ¨ä¸­ã€‚ã€‚
[10:57:55.699][MARK] puppeteer Chromium å¯åŠ¨æˆåŠŸ
[10:58:25.727][ERRO] [å°é£å¤©æ°”æ’ä»¶v1.2][query_weather]
[10:58:25.728][ERRO] TimeoutError: Navigation timeout of 30000 ms exceeded
    at D:\Project\Yunzai-Bot\node_modules\.pnpm\puppeteer@13.7.0\node_modules\puppeteer\lib\cjs\puppeteer\common\LifecycleWatcher.js:108:111
[10:58:32.187][MARK] [å°é£å¤©æ°”æ’ä»¶v1.2][query_weather][å¼€å‘è€…æµ‹è¯•åŒº(å·å¾—æµ®ç”ŸåŠæ—¥é—²)] #å¤©æ°”
[10:58:48.724][MARK] Yunzai-Bot å¯åŠ¨ä¸­...
[10:58:48.726][MARK] è¿æ¥redis....
[10:58:48.806][MARK] è¿æ¥redisæˆåŠŸ
[10:58:49.920][MARK] ----^_^----
[10:58:49.921][MARK] [32mYunzai-Bot ä¸Šçº¿æˆåŠŸ ç‰ˆæœ¬v3.0.0[39m
[10:58:49.921][MARK] [32mhttps://github.com/Le-niao/Yunzai-Bot[39m
[10:58:54.384][MARK] [å°é£å¤©æ°”æ’ä»¶v1.2][query_weather][å¼€å‘è€…æµ‹è¯•åŒº(å·å¾—æµ®ç”ŸåŠæ—¥é—²)] #å¤©æ°”
[10:58:54.522][MARK] puppeteer Chromium å¯åŠ¨ä¸­ã€‚ã€‚
[10:58:54.620][MARK] puppeteer Chromium å¯åŠ¨æˆåŠŸ
[10:58:58.279][MARK] [å°é£å¤©æ°”æ’ä»¶v1.2][query_weather] #å¤©æ°” å¤„ç†å®Œæˆ 3892ms
[10:59:25.685][MARK] [ä¿®æ”¹æ’ä»¶][example][test.js]
[10:59:32.534][MARK] Yunzai-Bot å¯åŠ¨ä¸­...
[10:59:32.536][MARK] è¿æ¥redis....
[10:59:32.616][MARK] è¿æ¥redisæˆåŠŸ
[10:59:33.469][MARK] ----^_^----
[10:59:33.470][MARK] [32mYunzai-Bot ä¸Šçº¿æˆåŠŸ ç‰ˆæœ¬v3.0.0[39m
[10:59:33.470][MARK] [32mhttps://github.com/Le-niao/Yunzai-Bot[39m
[10:59:39.073][MARK] [å°é£å¤©æ°”æ’ä»¶v1.2][query_weather][å¼€å‘è€…æµ‹è¯•åŒº(å·å¾—æµ®ç”ŸåŠæ—¥é—²)] #å¤©æ°”
[10:59:39.210][MARK] puppeteer Chromium å¯åŠ¨ä¸­ã€‚ã€‚
[10:59:39.308][MARK] puppeteer Chromium å¯åŠ¨æˆåŠŸ
[11:00:09.334][ERRO] [å°é£å¤©æ°”æ’ä»¶v1.2][query_weather]
[11:00:09.335][ERRO] TimeoutError: Navigation timeout of 30000 ms exceeded
    at D:\Project\Yunzai-Bot\node_modules\.pnpm\puppeteer@13.7.0\node_modules\puppeteer\lib\cjs\puppeteer\common\LifecycleWatcher.js:108:111
[11:00:16.950][MARK] Yunzai-Bot å¯åŠ¨ä¸­...
[11:00:16.952][MARK] è¿æ¥redis....
[11:00:17.032][MARK] è¿æ¥redisæˆåŠŸ
[11:00:18.053][MARK] ----^_^----
[11:00:18.054][MARK] [32mYunzai-Bot ä¸Šçº¿æˆåŠŸ ç‰ˆæœ¬v3.0.0[39m
[11:00:18.054][MARK] [32mhttps://github.com/Le-niao/Yunzai-Bot[39m
[11:00:20.341][MARK] [å°é£å¤©æ°”æ’ä»¶v1.2][query_weather][å¼€å‘è€…æµ‹è¯•åŒº(å·å¾—æµ®ç”ŸåŠæ—¥é—²)] #å¤©æ°”
[11:00:20.481][MARK] puppeteer Chromium å¯åŠ¨ä¸­ã€‚ã€‚
[11:00:20.596][MARK] puppeteer Chromium å¯åŠ¨æˆåŠŸ
[11:00:31.777][MARK] [å°é£å¤©æ°”æ’ä»¶v1.2][query_weather] #å¤©æ°” å¤„ç†å®Œæˆ 11433ms
[11:02:07.699][MARK] [ä¿®æ”¹æ’ä»¶][example][test.js]
[11:02:12.034][MARK] Yunzai-Bot å¯åŠ¨ä¸­...
[11:02:12.036][MARK] è¿æ¥redis....
[11:02:12.118][MARK] è¿æ¥redisæˆåŠŸ
[11:02:12.900][MARK] ----^_^----
[11:02:12.901][MARK] [32mYunzai-Bot ä¸Šçº¿æˆåŠŸ ç‰ˆæœ¬v3.0.0[39m
[11:02:12.902][MARK] [32mhttps://github.com/Le-niao/Yunzai-Bot[39m
[11:02:23.153][MARK] [å°é£å¤©æ°”æ’ä»¶v1.2][query_weather][å¼€å‘è€…æµ‹è¯•åŒº(å·å¾—æµ®ç”ŸåŠæ—¥é—²)] #å¤©æ°”
[11:02:23.294][MARK] puppeteer Chromium å¯åŠ¨ä¸­ã€‚ã€‚
[11:02:23.395][MARK] puppeteer Chromium å¯åŠ¨æˆåŠŸ
[11:02:28.629][MARK] [å°é£å¤©æ°”æ’ä»¶v1.2][query_weather] #å¤©æ°” å¤„ç†å®Œæˆ 5472ms
[11:02:46.794][MARK] [ä¿®æ”¹æ’ä»¶][example][test.js]
[16:08:05.675][MARK] Yunzai-Bot å¯åŠ¨ä¸­...
[16:08:05.677][MARK] è¿æ¥redis....
[16:08:05.758][MARK] è¿æ¥redisæˆåŠŸ
[16:08:06.667][MARK] ----^_^----
[16:08:06.668][MARK] [32mYunzai-Bot ä¸Šçº¿æˆåŠŸ ç‰ˆæœ¬v3.0.0[39m
[16:08:06.668][MARK] [32mhttps://github.com/Le-niao/Yunzai-Bot[39m
[16:08:26.951][MARK] [å°é£å¤©æ°”æ’ä»¶v1.2][query_weather][å¼€å‘è€…æµ‹è¯•åŒº(å·å¾—æµ®ç”ŸåŠæ—¥é—²)] #è´µé˜³å¤©æ°”
[16:08:27.466][MARK] puppeteer Chromium å¯åŠ¨ä¸­ã€‚ã€‚
[16:08:27.663][MARK] puppeteer Chromium å¯åŠ¨æˆåŠŸ
[16:08:30.076][MARK] [å°é£å¤©æ°”æ’ä»¶v1.2][query_weather] #è´µé˜³å¤©æ°” å¤„ç†å®Œæˆ 3122ms
[16:08:43.662][MARK] [å‘é€æ—¥å¿—][sendLog][å¼€å‘è€…æµ‹è¯•åŒº(å·å¾—æµ®ç”ŸåŠæ—¥é—²)] #æ—¥å¿—
[16:08:44.664][MARK] [å‘é€æ—¥å¿—][sendLog] #æ—¥å¿— å¤„ç†å®Œæˆ 1001ms
[16:09:26.265][MARK] [å‘é€æ—¥å¿—][sendLog][å¼€å‘è€…æµ‹è¯•åŒº(å·å¾—æµ®ç”ŸåŠæ—¥é—²)] #æ—¥å¿—
[16:09:26.969][MARK] [å‘é€æ—¥å¿—][sendLog] #æ—¥å¿— å¤„ç†å®Œæˆ 703ms
[16:09:39.179][MARK] [ä¸€è¨€][hitokoto][å¼€å‘è€…æµ‹è¯•åŒº(å·å¾—æµ®ç”ŸåŠæ—¥é—²)] #ä¸€è¨€
[16:09:39.780][MARK] [ä¸€è¨€][hitokoto] #ä¸€è¨€ å¤„ç†å®Œæˆ 599ms
[16:09:53.416][MARK] [ä¸€è¨€][hitokoto][å¼€å‘è€…æµ‹è¯•åŒº(å·å¾—æµ®ç”ŸåŠæ—¥é—²)] #ä¸€è¨€
[16:09:58.962][MARK] [ä¸€è¨€][hitokoto] #ä¸€è¨€ å¤„ç†å®Œæˆ 5544ms
[16:10:04.848][MARK] [ç–«æƒ…ä¿¡æ¯æŸ¥è¯¢][covid19Real][å¼€å‘è€…æµ‹è¯•åŒº(å·å¾—æµ®ç”ŸåŠæ—¥é—²)] #ç–«æƒ…
[16:10:06.852][MARK] [å›¾ç‰‡ç”Ÿæˆ][covid19Real][1æ¬¡] 204.46kb [32m1449ms[39m
[16:10:08.022][MARK] [ç–«æƒ…ä¿¡æ¯æŸ¥è¯¢][covid19Real] #ç–«æƒ… å¤„ç†å®Œæˆ 3173ms
[16:10:10.081][MARK] [ç–«æƒ…ä¿¡æ¯æŸ¥è¯¢][covid19Real][å¼€å‘è€…æµ‹è¯•åŒº(å·å¾—æµ®ç”ŸåŠæ—¥é—²)] #è´µé˜³ç–«æƒ…
[16:10:10.850][MARK] [å›¾ç‰‡ç”Ÿæˆ][covid19Real][2æ¬¡] 187.22kb [32m294ms[39m
[16:10:12.248][MARK] [ç–«æƒ…ä¿¡æ¯æŸ¥è¯¢][covid19Real] #è´µé˜³ç–«æƒ… å¤„ç†å®Œæˆ 2166ms
[16:10:54.332][MARK] [é€€å‡ºé€šçŸ¥][å¼€å‘è€…æµ‹è¯•åŒº(è¡—å¤´é‚£ä¸ªå–å¥³å­©çš„å°ç«æŸ´)] è¡—å¤´é‚£ä¸ªå–å¥³å­©çš„å°ç«æŸ´(3229892070) æ°¸è¿œç¦»å¼€äº†æˆ‘ä»¬ã€‚ã€‚
[16:11:27.644][MARK] [å¤è¯»][repeat][å¼€å‘è€…æµ‹è¯•åŒº(å·å¾—æµ®ç”ŸåŠæ—¥é—²)] #å¤è¯»
[16:11:28.038][MARK] [å¤è¯»][repeat] #å¤è¯» å¤„ç†å®Œæˆ 393ms
[16:11:50.952][MARK] [äº‘å´½å¸®åŠ©][help][å¼€å‘è€…æµ‹è¯•åŒº(å·å¾—æµ®ç”ŸåŠæ—¥é—²)] #åŠŸèƒ½
[16:11:51.074][MARK] [å›¾ç‰‡ç”Ÿæˆ][help][3æ¬¡] 180.94kb [32m113ms[39m
[16:11:52.058][MARK] [äº‘å´½å¸®åŠ©][help] #åŠŸèƒ½ å¤„ç†å®Œæˆ 1100ms
[16:12:50.285][MARK] [ç¾¤èŠå…³é”®è¯æå–][dayrank][å¼€å‘è€…æµ‹è¯•åŒº(å·å¾—æµ®ç”ŸåŠæ—¥é—²)] #ä»Šæ—¥å…³é”®è¯
[16:12:52.899][MARK] [ç¾¤èŠå…³é”®è¯æå–][dayrank] #ä»Šæ—¥å…³é”®è¯ å¤„ç†å®Œæˆ 2611ms
[16:12:52.900][ERRO] Error: Cannot find module 'nodejieba'
Require stack:
- D:\Project\Yunzai-Bot\plugins\suiyue\apps\textrank.js
    at Function.Module._resolveFilename (node:internal/modules/cjs/loader:933:15)
    at Function.Module._load (node:internal/modules/cjs/loader:778:27)
    at Module.require (node:internal/modules/cjs/loader:1005:19)
    at require (node:internal/modules/cjs/helpers:102:18)
    at textrank.getExtract (file:///D:/Project/Yunzai-Bot/plugins/suiyue/apps/textrank.js:161:29)
    at textrank.dayrank (file:///D:/Project/Yunzai-Bot/plugins/suiyue/apps/textrank.js:148:14)
    at processTicksAndRejections (node:internal/process/task_queues:96:5)
    at async PluginsLoader.deal (file:///D:/Project/Yunzai-Bot/lib/plugins/loader.js:248:52) {
  code: 'MODULE_NOT_FOUND',
  requireStack: [ 'D:\\Project\\Yunzai-Bot\\plugins\\suiyue\\apps\\textrank.js' ]
}
[16:23:19.925][MARK] Yunzai-Bot å¯åŠ¨ä¸­...
[16:23:19.927][MARK] è¿æ¥redis....
[16:23:20.007][MARK] è¿æ¥redisæˆåŠŸ
[16:23:20.793][MARK] ----^_^----
[16:23:20.794][MARK] [32mYunzai-Bot ä¸Šçº¿æˆåŠŸ ç‰ˆæœ¬v3.0.0[39m
[16:23:20.795][MARK] [32mhttps://github.com/Le-niao/Yunzai-Bot[39m
[16:23:31.314][MARK] [ç¾¤èŠå…³é”®è¯æå–][dayrank][å¼€å‘è€…æµ‹è¯•åŒº(å·å¾—æµ®ç”ŸåŠæ—¥é—²)] #ä»Šæ—¥å…³é”®è¯
[16:23:31.318][MARK] [ç¾¤èŠå…³é”®è¯æå–][dayrank] #ä»Šæ—¥å…³é”®è¯ å¤„ç†å®Œæˆ 1ms
[16:23:31.318][ERRO] Error: Cannot find module 'nodejieba'
Require stack:
- D:\Project\Yunzai-Bot\plugins\suiyue\apps\textrank.js
    at Function.Module._resolveFilename (node:internal/modules/cjs/loader:933:15)
    at Function.Module._load (node:internal/modules/cjs/loader:778:27)
    at Module.require (node:internal/modules/cjs/loader:1005:19)
    at require (node:internal/modules/cjs/helpers:102:18)
    at textrank.getExtract (file:///D:/Project/Yunzai-Bot/plugins/suiyue/apps/textrank.js:161:29)
    at textrank.dayrank (file:///D:/Project/Yunzai-Bot/plugins/suiyue/apps/textrank.js:86:18)
    at PluginsLoader.deal (file:///D:/Project/Yunzai-Bot/lib/plugins/loader.js:244:55)
    at processTicksAndRejections (node:internal/process/task_queues:96:5) {
  code: 'MODULE_NOT_FOUND',
  requireStack: [ 'D:\\Project\\Yunzai-Bot\\plugins\\suiyue\\apps\\textrank.js' ]
}
[16:23:55.126][MARK] [ç¾¤èŠå…³é”®è¯æå–][dayrank][å¼€å‘è€…æµ‹è¯•åŒº(å·å¾—æµ®ç”ŸåŠæ—¥é—²)] #ä»Šæ—¥å…³é”®è¯
[16:23:55.127][MARK] [ç¾¤èŠå…³é”®è¯æå–][dayrank] #ä»Šæ—¥å…³é”®è¯ å¤„ç†å®Œæˆ 0ms
[16:24:52.406][MARK] Yunzai-Bot å¯åŠ¨ä¸­...
[16:24:52.408][MARK] è¿æ¥redis....
[16:24:52.491][MARK] è¿æ¥redisæˆåŠŸ
[16:24:53.239][MARK] ----^_^----
[16:24:53.240][MARK] [32mYunzai-Bot ä¸Šçº¿æˆåŠŸ ç‰ˆæœ¬v3.0.0[39m
[16:24:53.240][MARK] [32mhttps://github.com/Le-niao/Yunzai-Bot[39m
[16:24:57.499][MARK] [ç¾¤èŠå…³é”®è¯æå–][dayrank][å¼€å‘è€…æµ‹è¯•åŒº(å·å¾—æµ®ç”ŸåŠæ—¥é—²)] #ä»Šæ—¥å…³é”®è¯
[16:24:58.611][MARK] [ç¾¤èŠå…³é”®è¯æå–][dayrank] #ä»Šæ—¥å…³é”®è¯ å¤„ç†å®Œæˆ 1ms
[16:24:58.751][MARK] puppeteer Chromium å¯åŠ¨ä¸­ã€‚ã€‚
[16:24:58.883][MARK] puppeteer Chromium å¯åŠ¨æˆåŠŸ
[16:25:00.383][MARK] [å›¾ç‰‡ç”Ÿæˆ][textrank][1æ¬¡] 49.13kb [32m1496ms[39m
[16:27:02.007][MARK] Yunzai-Bot å¯åŠ¨ä¸­...
[16:27:02.009][MARK] è¿æ¥redis....
[16:27:02.096][MARK] è¿æ¥redisæˆåŠŸ
[16:27:02.901][MARK] ----^_^----
[16:27:02.902][MARK] [32mYunzai-Bot ä¸Šçº¿æˆåŠŸ ç‰ˆæœ¬v3.0.0[39m
[16:27:02.903][MARK] [32mhttps://github.com/Le-niao/Yunzai-Bot[39m
[16:27:08.999][MARK] [ç–«æƒ…ä¿¡æ¯æŸ¥è¯¢][covid19Real][å¼€å‘è€…æµ‹è¯•åŒº(å·å¾—æµ®ç”ŸåŠæ—¥é—²)] #ç–«æƒ…
[16:27:11.002][MARK] puppeteer Chromium å¯åŠ¨ä¸­ã€‚ã€‚
[16:27:11.112][MARK] puppeteer Chromium å¯åŠ¨æˆåŠŸ
[16:27:12.428][MARK] [å›¾ç‰‡ç”Ÿæˆ][covid19Real][1æ¬¡] 201.32kb [32m1310ms[39m
[16:27:13.965][MARK] [ç–«æƒ…ä¿¡æ¯æŸ¥è¯¢][covid19Real] #ç–«æƒ… å¤„ç†å®Œæˆ 4964ms
[16:27:34.969][MARK] [ä¿®æ”¹htmlæ¨¡æ¿] ./plugins/suiyue/resources/html/covid19Real/covid19Real.html
[16:27:38.624][MARK] Yunzai-Bot å¯åŠ¨ä¸­...
[16:27:38.626][MARK] è¿æ¥redis....
[16:27:38.706][MARK] è¿æ¥redisæˆåŠŸ
[16:27:39.458][MARK] ----^_^----
[16:27:39.458][MARK] [32mYunzai-Bot ä¸Šçº¿æˆåŠŸ ç‰ˆæœ¬v3.0.0[39m
[16:27:39.459][MARK] [32mhttps://github.com/Le-niao/Yunzai-Bot[39m
[16:27:42.613][MARK] [ç–«æƒ…ä¿¡æ¯æŸ¥è¯¢][covid19Real][å¼€å‘è€…æµ‹è¯•åŒº(å·å¾—æµ®ç”ŸåŠæ—¥é—²)] #ç–«æƒ…
[16:27:44.924][MARK] puppeteer Chromium å¯åŠ¨ä¸­ã€‚ã€‚
[16:27:45.021][MARK] puppeteer Chromium å¯åŠ¨æˆåŠŸ
[16:27:46.310][MARK] [å›¾ç‰‡ç”Ÿæˆ][covid19Real][1æ¬¡] 196.79kb [32m1283ms[39m
[16:27:47.747][MARK] [ç–«æƒ…ä¿¡æ¯æŸ¥è¯¢][covid19Real] #ç–«æƒ… å¤„ç†å®Œæˆ 5132ms
[16:28:17.727][MARK] Yunzai-Bot å¯åŠ¨ä¸­...
[16:28:17.729][MARK] è¿æ¥redis....
[16:28:17.812][MARK] è¿æ¥redisæˆåŠŸ
[16:28:18.658][MARK] ----^_^----
[16:28:18.659][MARK] [32mYunzai-Bot ä¸Šçº¿æˆåŠŸ ç‰ˆæœ¬v3.0.0[39m
[16:28:18.659][MARK] [32mhttps://github.com/Le-niao/Yunzai-Bot[39m
[16:28:40.656][MARK] [ç¾¤èŠå…³é”®è¯æå–][dayrank][å¼€å‘è€…æµ‹è¯•åŒº(å·å¾—æµ®ç”ŸåŠæ—¥é—²)] #ä»Šæ—¥å…³é”®è¯
[16:28:41.696][MARK] [ç¾¤èŠå…³é”®è¯æå–][dayrank] #ä»Šæ—¥å…³é”®è¯ å¤„ç†å®Œæˆ 1ms
[16:28:41.845][MARK] puppeteer Chromium å¯åŠ¨ä¸­ã€‚ã€‚
[16:28:41.944][MARK] puppeteer Chromium å¯åŠ¨æˆåŠŸ
[16:28:43.175][MARK] [å›¾ç‰‡ç”Ÿæˆ][textrank][1æ¬¡] 44.37kb [32m1227ms[39m
[16:29:08.638][MARK] [æœç•ªå‰§][fjsearch][å¼€å‘è€…æµ‹è¯•åŒº(å·å¾—æµ®ç”ŸåŠæ—¥é—²)] #æœç•ª
[16:29:09.003][MARK] [æœç•ªå‰§][fjsearch] #æœç•ª å¤„ç†å®Œæˆ 364ms
[16:29:40.210][MARK] [å‘é€æ—¥å¿—][sendLog][å¼€å‘è€…æµ‹è¯•åŒº(å·å¾—æµ®ç”ŸåŠæ—¥é—²)] #æ—¥å¿—
[16:29:40.938][MARK] [å‘é€æ—¥å¿—][sendLog] #æ—¥å¿— å¤„ç†å®Œæˆ 727ms
[16:29:57.798][MARK] [å°é£å¤©æ°”æ’ä»¶v1.2][query_weather][å¼€å‘è€…æµ‹è¯•åŒº(å·å¾—æµ®ç”ŸåŠæ—¥é—²)] #å¤©æ°”
[16:29:57.799][MARK] [å°é£å¤©æ°”æ’ä»¶v1.2][query_weather] #å¤©æ°” å¤„ç†å®Œæˆ 0ms
[16:30:04.554][MARK] [å°é£å¤©æ°”æ’ä»¶v1.2][query_weather][å¼€å‘è€…æµ‹è¯•åŒº(å·å¾—æµ®ç”ŸåŠæ—¥é—²)] #è´µé˜³å¤©æ°”
[16:30:07.247][MARK] [å°é£å¤©æ°”æ’ä»¶v1.2][query_weather] #è´µé˜³å¤©æ°” å¤„ç†å®Œæˆ 2692ms
